\BOOKMARK [0][-]{chapter.1}{INTRODU\307\303O}{}
\BOOKMARK [1][-]{section.1.1}{Vis\343o geral}{chapter.1}
\BOOKMARK [1][-]{section.1.2}{Objetivo, justificativa e motiva\347\343o}{chapter.1}
\BOOKMARK [1][-]{section.1.3}{Organiza\347\343o}{chapter.1}
\BOOKMARK [0][-]{chapter.2}{REFERENCIAL TE\323RICO}{}
\BOOKMARK [1][-]{section.2.1}{Gera\347\343o Procedural}{chapter.2}
\BOOKMARK [2][-]{subsection.2.1.1}{Terrenos procedurais}{section.2.1}
\BOOKMARK [3][-]{subsubsection.2.1.1.1}{Ru\355do de Perlin}{subsection.2.1.1}
\BOOKMARK [3][-]{subsubsection.2.1.1.2}{Ridged multifractal noise}{subsection.2.1.1}
\BOOKMARK [2][-]{subsection.2.1.2}{Mapa de altura}{section.2.1}
\BOOKMARK [1][-]{section.2.2}{GPUs}{chapter.2}
\BOOKMARK [1][-]{section.2.3}{Gera\347\343o Procedural utilizando GPUs}{chapter.2}
\BOOKMARK [0][-]{chapter.3}{METODOLOGIA}{}
\BOOKMARK [1][-]{section.3.1}{Tipo de Pesquisa}{chapter.3}
\BOOKMARK [1][-]{section.3.2}{Procedimentos metodol\363gicos}{chapter.3}
\BOOKMARK [0][-]{chapter.4}{RESULTADOS E DISCUSS\303O}{}
\BOOKMARK [1][-]{section.4.1}{O Sistema Implementado}{chapter.4}
\BOOKMARK [2][-]{subsection.4.1.1}{Gera\347\343o do Terreno}{section.4.1}
\BOOKMARK [3][-]{subsubsection.4.1.1.1}{Gera\347\343o do Terreno na GPU}{subsection.4.1.1}
\BOOKMARK [1][-]{section.4.2}{Gera\347\343o do Terreno na CPU}{chapter.4}
\BOOKMARK [2][-]{subsubsection.4.2.0.2}{Visualiza\347\343o do Terreno}{section.4.2}
\BOOKMARK [3][-]{subsubsection.4.2.0.3}{Visualiza\347\343o do Terreno Gerado na GPU}{subsubsection.4.2.0.2}
\BOOKMARK [1][-]{section.4.3}{Terrenos gerados}{chapter.4}
\BOOKMARK [1][-]{section.4.4}{Testes}{chapter.4}
\BOOKMARK [2][-]{subsection.4.4.1}{Tempos de Gera\347\343o do Terreno}{section.4.4}
\BOOKMARK [0][-]{chapter.5}{CONCLUS\325ES E TRABALHOS FUTUROS}{}
\BOOKMARK [0][-]{chapter.5}{Refer\352ncias}{}
