This is pdfTeX, Version 3.1415926-1.40.9 (MiKTeX 2.7) (preloaded format=pdflatex 2009.6.8)  8 JUN 2009 14:45
entering extended mode
**Z:/cv/cv.tex
(Z:/cv/cv.tex
LaTeX2e <2005/12/01>
Babel <v3.8l> and hyphenation patterns for english, dumylang, nohyphenation, ge
rman, ngerman, german-x-2008-06-18, ngerman-x-2008-06-18, french, loaded.
(C:\Temp\miktex\tex\latex\base\article.cls
Document Class: article 2005/09/16 v1.4f Standard LaTeX document class
(C:\Temp\miktex\tex\latex\base\size12.clo
File: size12.clo 2005/09/16 v1.4f Standard LaTeX file (size option)
)
\c@part=\count79
\c@section=\count80
\c@subsection=\count81
\c@subsubsection=\count82
\c@paragraph=\count83
\c@subparagraph=\count84
\c@figure=\count85
\c@table=\count86
\abovecaptionskip=\skip41
\belowcaptionskip=\skip42
\bibindent=\dimen102
)
(C:\Temp\miktex\tex\latex\tools\calc.sty
Package: calc 2005/08/06 v4.2 Infix arithmetic (KKT,FJ)
\calc@Acount=\count87
\calc@Bcount=\count88
\calc@Adimen=\dimen103
\calc@Bdimen=\dimen104
\calc@Askip=\skip43
\calc@Bskip=\skip44
LaTeX Info: Redefining \setlength on input line 75.
LaTeX Info: Redefining \addtolength on input line 76.
\calc@Ccount=\count89
\calc@Cskip=\skip45
)
(C:\Temp\miktex\tex\generic\babel\babel.sty
Package: babel 2008/07/06 v3.8l The Babel package

*************************************
* Local config file bblopts.cfg used
*
(C:\Temp\miktex\tex\latex\00miktex\bblopts.cfg
File: bblopts.cfg 2006/07/31 v1.0 MiKTeX 'babel' configuration
)
(C:\Temp\miktex\tex\generic\babel\portuges.ldf
Language: portuges 2008/03/18 v1.2q Portuguese support from the babel system

(C:\Temp\miktex\tex\generic\babel\babel.def
File: babel.def 2008/07/06 v3.8l Babel common definitions
\babel@savecnt=\count90
\U@D=\dimen105
)

Package babel Warning: No hyphenation patterns were loaded for
(babel)                the language `Portuguese'
(babel)                I will use the patterns loaded for \language=0 instead.

\l@portuges = a dialect from \language0
\l@brazil = a dialect from \language\l@portuges 
Package babel Info: Making " an active character on input line 145.
)) (C:\Temp\miktex\tex\latex\base\fontenc.sty
Package: fontenc 2005/09/27 v1.99g Standard LaTeX package

(C:\Temp\miktex\tex\latex\base\t1enc.def
File: t1enc.def 2005/09/27 v1.99g Standard LaTeX file
LaTeX Font Info:    Redeclaring font encoding T1 on input line 43.
))
(C:\Temp\miktex\tex\latex\base\inputenc.sty
Package: inputenc 2006/05/05 v1.1b Input encoding file
\inpenc@prehook=\toks14
\inpenc@posthook=\toks15

(C:\Temp\miktex\tex\latex\base\latin1.def
File: latin1.def 2006/05/05 v1.1b Input encoding file
))
(C:\Temp\miktex\tex\latex\geometry\geometry.sty
Package: geometry 2008/11/13 v4.1 Page Geometry

(C:\Temp\miktex\tex\latex\graphics\keyval.sty
Package: keyval 1999/03/16 v1.13 key=value parser (DPC)
\KV@toks@=\toks16
)
(C:\Temp\miktex\tex\generic\oberdiek\ifpdf.sty
Package: ifpdf 2007/12/12 v1.6 Provides the ifpdf switch (HO)
Package ifpdf Info: pdfTeX in pdf mode detected.
)
(C:\Temp\miktex\tex\generic\oberdiek\ifvtex.sty
Package: ifvtex 2008/11/04 v1.4 Switches for detecting VTeX and its modes (HO)
Package ifvtex Info: VTeX not detected.
)
\Gm@cnth=\count91
\Gm@cntv=\count92
\c@Gm@tempcnt=\count93
\Gm@bindingoffset=\dimen106
\Gm@wd@mp=\dimen107
\Gm@odd@mp=\dimen108
\Gm@even@mp=\dimen109
\Gm@dimlist=\toks17

(C:\Temp\miktex\tex\latex\geometry\geometry.cfg))
(C:\Temp\miktex\tex\latex\paralist\paralist.sty
Package: paralist 2002/03/18 v2.3b Extended list environments (BS)
\pltopsep=\skip46
\plpartopsep=\skip47
\plitemsep=\skip48
\plparsep=\skip49
\pl@lab=\toks18
)
(C:\Temp\miktex\tex\latex\fancyhdr\fancyhdr.sty
\fancy@headwidth=\skip50
\f@ncyO@elh=\skip51
\f@ncyO@erh=\skip52
\f@ncyO@olh=\skip53
\f@ncyO@orh=\skip54
\f@ncyO@elf=\skip55
\f@ncyO@erf=\skip56
\f@ncyO@olf=\skip57
\f@ncyO@orf=\skip58
)
(C:\Temp\miktex\tex\latex\lastpage\lastpage.sty
Package: lastpage 1994/06/25 v0.1b LaTeX2e package for refs to last page number
 (JPG)
)
\footpageshift=\skip59

(C:\Temp\miktex\tex\latex\graphics\color.sty
Package: color 2005/11/14 v1.0j Standard LaTeX Color (DPC)

(C:\Temp\miktex\tex\latex\00miktex\color.cfg
File: color.cfg 2007/01/18 v1.5 color configuration of teTeX/TeXLive
)
Package color Info: Driver file: pdftex.def on input line 130.

(C:\Temp\miktex\tex\latex\pdftex-def\pdftex.def
File: pdftex.def 2008/09/08 v0.04l Graphics/color for pdfTeX
\Gread@gobject=\count94
))
(C:\Temp\miktex\tex\latex\hyperref\hyperref.sty
Package: hyperref 2008/11/18 v6.78m Hypertext links for LaTeX

(C:\Temp\miktex\tex\generic\ifxetex\ifxetex.sty
Package: ifxetex 2008/09/18 v0.4 Provides ifxetex conditional
)
(C:\Temp\miktex\tex\latex\oberdiek\hycolor.sty
Package: hycolor 2008/09/08 v1.4 Code for color options of hyperref/bookmark (H
O)

(C:\Temp\miktex\tex\latex\oberdiek\xcolor-patch.sty
Package: xcolor-patch 2008/09/08 xcolor patch
))
\@linkdim=\dimen110
\Hy@linkcounter=\count95
\Hy@pagecounter=\count96

(C:\Temp\miktex\tex\latex\hyperref\pd1enc.def
File: pd1enc.def 2008/11/18 v6.78m Hyperref: PDFDocEncoding definition (HO)
)
(C:\Temp\miktex\tex\generic\oberdiek\etexcmds.sty
Package: etexcmds 2007/12/12 v1.2 Prefix for e-TeX command names (HO)

(C:\Temp\miktex\tex\generic\oberdiek\infwarerr.sty
Package: infwarerr 2007/09/09 v1.2 Providing info/warning/message (HO)
)
Package etexcmds Info: Could not find \expanded.
(etexcmds)             That can mean that you are not using pdfTeX 1.50 or
(etexcmds)             that some package has redefined \expanded.
(etexcmds)             In the latter case, load this package earlier.
)
(C:\Temp\miktex\tex\latex\00miktex\hyperref.cfg
File: hyperref.cfg 2002/06/06 v1.2 hyperref configuration of TeXLive
)
(C:\Temp\miktex\tex\latex\oberdiek\kvoptions.sty
Package: kvoptions 2007/10/18 v3.0 Keyval support for LaTeX options (HO)
)
Package hyperref Info: Hyper figures OFF on input line 2907.
Package hyperref Info: Link nesting OFF on input line 2912.
Package hyperref Info: Hyper index ON on input line 2915.
Package hyperref Info: Plain pages OFF on input line 2922.
Package hyperref Info: Backreferencing OFF on input line 2927.

Implicit mode ON; LaTeX internals redefined
Package hyperref Info: Bookmarks ON on input line 3117.
(C:\Temp\miktex\tex\latex\ltxmisc\url.sty
\Urlmuskip=\muskip10
Package: url 2006/04/12  ver 3.3  Verb mode for urls, etc.
)
LaTeX Info: Redefining \url on input line 3351.

(C:\Temp\miktex\tex\generic\oberdiek\bitset.sty
Package: bitset 2007/09/28 v1.0 Data type bit set (HO)

(C:\Temp\miktex\tex\generic\oberdiek\intcalc.sty
Package: intcalc 2007/09/27 v1.1 Expandable integer calculations (HO)
)
(C:\Temp\miktex\tex\generic\oberdiek\bigintcalc.sty
Package: bigintcalc 2007/11/11 v1.1 Expandable big integer calculations (HO)

(C:\Temp\miktex\tex\generic\oberdiek\pdftexcmds.sty
Package: pdftexcmds 2007/12/12 v0.3 LuaTeX support for pdfTeX utility functions
 (HO)
Package pdftexcmds Info: LuaTeX not detected on input line 139.
)))
(C:\Temp\miktex\tex\generic\oberdiek\kvsetkeys.sty
Package: kvsetkeys 2007/09/29 v1.3 Key value parser with default handler suppor
t (HO)
)
\Fld@menulength=\count97
\Field@Width=\dimen111
\Fld@charsize=\dimen112
\Field@toks=\toks19
Package hyperref Info: Hyper figures OFF on input line 4268.
Package hyperref Info: Link nesting OFF on input line 4273.
Package hyperref Info: Hyper index ON on input line 4276.
Package hyperref Info: backreferencing OFF on input line 4283.
Package hyperref Info: Link coloring OFF on input line 4288.
Package hyperref Info: Link coloring with OCG OFF on input line 4293.
Package hyperref Info: PDF/A mode OFF on input line 4298.

(C:\Temp\miktex\tex\generic\oberdiek\atbegshi.sty
Package: atbegshi 2008/07/31 v1.9 At begin shipout hook (HO)
)
\Hy@abspage=\count98
\c@Item=\count99
\c@Hfootnote=\count100
)
*hyperref using default driver hpdftex*
(C:\Temp\miktex\tex\latex\hyperref\hpdftex.def
File: hpdftex.def 2008/11/18 v6.78m Hyperref driver for pdfTeX
\Fld@listcount=\count101
) (cv.aux)
LaTeX Font Info:    Checking defaults for OML/cmm/m/it on input line 177.
LaTeX Font Info:    ... okay on input line 177.
LaTeX Font Info:    Checking defaults for T1/cmr/m/n on input line 177.
LaTeX Font Info:    ... okay on input line 177.
LaTeX Font Info:    Checking defaults for OT1/cmr/m/n on input line 177.
LaTeX Font Info:    ... okay on input line 177.
LaTeX Font Info:    Checking defaults for OMS/cmsy/m/n on input line 177.
LaTeX Font Info:    ... okay on input line 177.
LaTeX Font Info:    Checking defaults for OMX/cmex/m/n on input line 177.
LaTeX Font Info:    ... okay on input line 177.
LaTeX Font Info:    Checking defaults for U/cmr/m/n on input line 177.
LaTeX Font Info:    ... okay on input line 177.
LaTeX Font Info:    Checking defaults for PD1/pdf/m/n on input line 177.
LaTeX Font Info:    ... okay on input line 177.

*geometry auto-detecting driver*
*geometry detected driver: pdftex*
-------------------- Geometry parameters
paper: letterpaper
landscape: --
twocolumn: --
twoside: --
asymmetric: --
h-parts: 72.26999pt, 469.75502pt, 72.26999pt
v-parts: 72.26999pt, 650.43001pt, 72.26999pt
hmarginratio: --
vmarginratio: --
lines: --
heightrounded: --
bindingoffset: 0.0pt
truedimen: --
includehead: --
includefoot: --
includemp: true
driver: pdftex
-------------------- Page layout dimensions and switches
\paperwidth  614.295pt
\paperheight 794.96999pt
\textwidth  379.41754pt
\textheight 650.43001pt
\oddsidemargin  90.33748pt
\evensidemargin 90.33748pt
\topmargin  -37.0pt
\headheight 12.0pt
\headsep    25.0pt
\footskip   30.0pt
\marginparwidth 86.72377pt
\marginparsep   3.61371pt
\columnsep  10.0pt
\skip\footins  10.8pt plus 4.0pt minus 2.0pt
\hoffset 0.0pt
\voffset 0.0pt
\mag 1000
\@reversemargintrue 
(1in=72.27pt, 1cm=28.45pt)
-----------------------
(C:\Temp\miktex\tex\context\base\supp-pdf.tex
[Loading MPS to PDF converter (version 2006.09.02).]
\scratchcounter=\count102
\scratchdimen=\dimen113
\scratchbox=\box26
\nofMPsegments=\count103
\nofMParguments=\count104
\everyMPshowfont=\toks20
\MPscratchCnt=\count105
\MPscratchDim=\dimen114
\MPnumerator=\count106
\everyMPtoPDFconversion=\toks21
)
Package hyperref Info: Link coloring OFF on input line 177.
 (C:\Temp\miktex\tex\latex\hyperref\nameref.sty
Package: nameref 2007/05/29 v2.31 Cross-referencing by name of section

(C:\Temp\miktex\tex\latex\oberdiek\refcount.sty
Package: refcount 2008/08/11 v3.1 Data extraction from references (HO)
)
\c@section@level=\count107
)
LaTeX Info: Redefining \ref on input line 177.
LaTeX Info: Redefining \pageref on input line 177.
 (cv.out) (cv.out)
\@outlinefile=\write3
\AtBeginShipoutBox=\box27
\rcollength=\skip60
LaTeX Font Info:    External font `cmex10' loaded for size
(Font)              <12> on input line 190.
LaTeX Font Info:    External font `cmex10' loaded for size
(Font)              <8> on input line 190.
LaTeX Font Info:    External font `cmex10' loaded for size
(Font)              <6> on input line 190.

Underfull \hbox (badness 10000) in paragraph at lines 193--194
[]\T1/cmr/m/it/12 E-mail:
 []


Underfull \hbox (badness 10000) in paragraph at lines 194--195
[]\T1/cmr/m/it/12 WWW:
 []


Overfull \hbox (16.5989pt too wide) in paragraph at lines 194--195
[]\T1/cmr/m/n/12 www.dcc.ufmg.br/$\OMS/cmsy/m/n/12 $\T1/cmr/m/n/12 fmiranda[]|
 
 []


Overfull \hbox (18.0pt too wide) in paragraph at lines 188--196
[] [] 
 []

LaTeX Font Info:    Try loading font information for OMS+cmr on input line 208.

(C:\Temp\miktex\tex\latex\base\omscmr.fd
File: omscmr.fd 1999/05/25 v2.5h Standard LaTeX font definitions
)
LaTeX Font Info:    Font shape `OMS/cmr/m/n' in size <12> not available
(Font)              Font shape `OMS/cmsy/m/n' tried instead on input line 208.
 [1

{C:/Documents and Settings/fmiranda/Local Settings/Application Data/MiKTeX/2.7/
pdftex/config/pdftex.map}]
Overfull \hbox (16.6956pt too wide) in paragraph at lines 276--277
[]\T1/cmr/m/n/12 Palestra so-bre o de-sen-volvi-mento de jo-gos uti-lizando a \
T1/cmr/m/it/12 en-gine \T1/cmr/m/n/12 Panda3D,
 []


Overfull \hbox (6.28685pt too wide) in paragraph at lines 282--282
[]\T1/cmr/m/sc/12 Conhecimentos 
 []

AED: lastpage setting LastPage [2] (cv.aux) ) 
Here is how much of TeX's memory you used:
 5218 strings out of 95304
 70786 string characters out of 1183528
 148467 words of memory out of 1500000
 8345 multiletter control sequences out of 110000
 12358 words of font info for 31 fonts, out of 3000000 for 5000
 14 hyphenation exceptions out of 8191
 36i,9n,43p,438b,296s stack positions out of 5000i,500n,10000p,200000b,50000s
pdfTeX warning (dest): name{sectio
n*.14} has been referenced but does not exist, replaced by a fixed one

pdfTeX warning (dest): name{section*.13} has been referenced but does not exist
, replaced by a fixed one

pdfTeX warning (dest): name{section*.12} has been referenced but does not exist
, replaced by a fixed one

pdfTeX warning (dest): name{section*.11} has been referenced but does not exist
, replaced by a fixed one

pdfTeX warning (dest): name{section*.10} has been referenced but does not exist
, replaced by a fixed one

 <C:\Documents and Settings\fmiranda\Local Settings\Application Data\MiKTeX\2.7
\fonts\pk\ljfour\jknappen\ec\dpi600\ecbx0800.pk> <C:\Documents and Settings\fmi
randa\Local Settings\Application Data\MiKTeX\2.7\fonts\pk\ljfour\jknappen\ec\dp
i600\ecrm0800.pk> <C:\Documents and Settings\fmiranda\Local Settings\Applicatio
n Data\MiKTeX\2.7\fonts\pk\ljfour\jknappen\ec\dpi600\ecbx1200.pk> <C:\Documents
 and Settings\fmiranda\Local Settings\Application Data\MiKTeX\2.7\fonts\pk\ljfo
ur\jknappen\ec\dpi600\eccc1200.pk> <C:\Documents and Settings\fmiranda\Local Se
ttings\Application Data\MiKTeX\2.7\fonts\pk\ljfour\jknappen\ec\dpi600\ecti1200.
pk> <C:\Documents and Settings\fmiranda\Local Settings\Application Data\MiKTeX\
2.7\fonts\pk\ljfour\jknappen\ec\dpi600\ecrm1200.pk> <C:\Documents and Settings\
fmiranda\Local Settings\Application Data\MiKTeX\2.7\fonts\pk\ljfour\jknappen\ec
\dpi600\ecbx1440.pk><C:/Temp/miktex/fonts/type1/bluesky/cm/cmsy10.pfb>
Output written on cv.pdf (2 pages, 92532 bytes).
PDF statistics:
 329 PDF objects out of 1000 (max. 8388607)
 17 named destinations out of 1000 (max. 131072)
 125 words of extra memory for PDF output out of 10000 (max. 10000000)

