This is pdfTeX, Version 3.141592-1.40.4 (MiKTeX 2.6) (preloaded format=pdflatex 2007.10.19)  25 AUG 2008 19:33
entering extended mode
**proposta2.tex
(proposta2.tex
LaTeX2e <2005/12/01>
Babel <v3.8g> and hyphenation patterns for english, dumylang, nohyphenation, ge
rman, ngerman, french, loaded.
("C:\Program Files\MiKTeX 2.6\tex\latex\base\article.cls"
Document Class: article 2005/09/16 v1.4f Standard LaTeX document class
("C:\Program Files\MiKTeX 2.6\tex\latex\base\size12.clo"
File: size12.clo 2005/09/16 v1.4f Standard LaTeX file (size option)
)
\c@part=\count79
\c@section=\count80
\c@subsection=\count81
\c@subsubsection=\count82
\c@paragraph=\count83
\c@subparagraph=\count84
\c@figure=\count85
\c@table=\count86
\abovecaptionskip=\skip41
\belowcaptionskip=\skip42
\bibindent=\dimen102
)
("C:\Program Files\MiKTeX 2.6\tex\latex\abntex\abntcite.sty"
("C:\Program Files\MiKTeX 2.6\tex\latex\abntex\cvs-id.def")
Package: abntcite 2003/10/13 v1.26 Chamadas de referencias no texto (NBR10520)

("C:\Program Files\MiKTeX 2.6\tex\latex\base\ifthen.sty"
Package: ifthen 2001/05/26 v1.1c Standard LaTeX ifthen package (DPC)
)
("C:\Program Files\MiKTeX 2.6\tex\latex\tools\calc.sty"
Package: calc 2005/08/06 v4.2 Infix arithmetic (KKT,FJ)
\calc@Acount=\count87
\calc@Bcount=\count88
\calc@Adimen=\dimen103
\calc@Bdimen=\dimen104
\calc@Askip=\skip43
\calc@Bskip=\skip44
LaTeX Info: Redefining \setlength on input line 75.
LaTeX Info: Redefining \addtolength on input line 76.
\calc@Ccount=\count89
\calc@Cskip=\skip45
)
("C:\Program Files\MiKTeX 2.6\tex\latex\abntex\abntex-abrev.sty"
("C:\Program Files\MiKTeX 2.6\tex\latex\abntex\cvs-id.def")
Package: abntex-abrev 2003/10/13 v1.3 Abreviacoes

("C:\Program Files\MiKTeX 2.6\tex\latex\abntex\nbr10522-1988.def"
("C:\Program Files\MiKTeX 2.6\tex\latex\abntex\cvs-id.def")
File: nbr10522-1988.def 2003/10/13 v1.2 Abreviacoes bibliograficas (NBR10522:19
88)
)
("C:\Program Files\MiKTeX 2.6\tex\latex\abntex\abntex-abrev-pt_BR.def"
("C:\Program Files\MiKTeX 2.6\tex\latex\abntex\cvs-id.def")
File: abntex-abrev-pt_BR.def 2003/10/13 v1.2 definicao de abntex-abrev, traduca
o de termos en_US/pt_BR
))
("C:\Program Files\MiKTeX 2.6\tex\latex\abntex\nbr10520-2002.def"
("C:\Program Files\MiKTeX 2.6\tex\latex\abntex\cvs-id.def")
File: nbr10520-2002.def 2003/10/13 v1.2 Definicoes para abntcite (NBR10520:2002
)
)
\minimumbiblabelwidth=\skip46
\ABCIauxlen=\skip47
\c@ABCIaux=\count90
\c@ABCImax=\count91

("C:\Program Files\MiKTeX 2.6\tex\latex\ltxmisc\relsize.sty"
Package: relsize 2003/07/04 ver 3.1
)
\biblabelsep=\skip48
LaTeX Info: Redefining \newblock on input line 562.
LaTeX Info: Redefining \cite on input line 831.
\ABCItoken=\toks14
)
("C:\Program Files\MiKTeX 2.6\tex\generic\babel\babel.sty"
Package: babel 2005/05/21 v3.8g The Babel package

*************************************
* Local config file bblopts.cfg used
*
("C:\Program Files\MiKTeX 2.6\tex\latex\00miktex\bblopts.cfg"
File: bblopts.cfg 2006/07/31 v1.0 MiKTeX 'babel' configuration
)
("C:\Program Files\MiKTeX 2.6\tex\generic\babel\portuges.ldf"
Language: portuges 2005/03/31 v1.2p Portuguese support from the babel system

("C:\Program Files\MiKTeX 2.6\tex\generic\babel\babel.def"
File: babel.def 2005/05/21 v3.8g Babel common definitions
\babel@savecnt=\count92
\U@D=\dimen105
)

Package babel Warning: No hyphenation patterns were loaded for
(babel)                the language `Portuguese'
(babel)                I will use the patterns loaded for \language=0 instead.

\l@portuges = a dialect from \language0
\l@brazil = a dialect from \language\l@portuges 
Package babel Info: Making " an active character on input line 145.
)) ("C:\Program Files\MiKTeX 2.6\tex\latex\base\inputenc.sty"
Package: inputenc 2006/05/05 v1.1b Input encoding file
\inpenc@prehook=\toks15
\inpenc@posthook=\toks16

("C:\Program Files\MiKTeX 2.6\tex\latex\base\utf8.def"
File: utf8.def 2006/03/30 v1.1i UTF-8 support for inputenc
Now handling font encoding OML ...
... no UTF-8 mapping file for font encoding OML
Now handling font encoding T1 ...
... processing UTF-8 mapping file for font encodingT1

("C:\Program Files\MiKTeX 2.6\tex\latex\base\t1enc.dfu"
File: t1enc.dfu 2006/03/30 v1.1i UTF-8 support for inputenc
   defining Unicode char U+00A1 (decimal 161)
   defining Unicode char U+00A3 (decimal 163)
   defining Unicode char U+00AB (decimal 171)
   defining Unicode char U+00BB (decimal 187)
   defining Unicode char U+00BF (decimal 191)
   defining Unicode char U+00C0 (decimal 192)
   defining Unicode char U+00C1 (decimal 193)
   defining Unicode char U+00C2 (decimal 194)
   defining Unicode char U+00C3 (decimal 195)
   defining Unicode char U+00C4 (decimal 196)
   defining Unicode char U+00C5 (decimal 197)
   defining Unicode char U+00C6 (decimal 198)
   defining Unicode char U+00C7 (decimal 199)
   defining Unicode char U+00C8 (decimal 200)
   defining Unicode char U+00C9 (decimal 201)
   defining Unicode char U+00CA (decimal 202)
   defining Unicode char U+00CB (decimal 203)
   defining Unicode char U+00CC (decimal 204)
   defining Unicode char U+00CD (decimal 205)
   defining Unicode char U+00CE (decimal 206)
   defining Unicode char U+00CF (decimal 207)
   defining Unicode char U+00D0 (decimal 208)
   defining Unicode char U+00D1 (decimal 209)
   defining Unicode char U+00D2 (decimal 210)
   defining Unicode char U+00D3 (decimal 211)
   defining Unicode char U+00D4 (decimal 212)
   defining Unicode char U+00D5 (decimal 213)
   defining Unicode char U+00D6 (decimal 214)
   defining Unicode char U+00D8 (decimal 216)
   defining Unicode char U+00D9 (decimal 217)
   defining Unicode char U+00DA (decimal 218)
   defining Unicode char U+00DB (decimal 219)
   defining Unicode char U+00DC (decimal 220)
   defining Unicode char U+00DD (decimal 221)
   defining Unicode char U+00DE (decimal 222)
   defining Unicode char U+00DF (decimal 223)
   defining Unicode char U+00E0 (decimal 224)
   defining Unicode char U+00E1 (decimal 225)
   defining Unicode char U+00E2 (decimal 226)
   defining Unicode char U+00E3 (decimal 227)
   defining Unicode char U+00E4 (decimal 228)
   defining Unicode char U+00E5 (decimal 229)
   defining Unicode char U+00E6 (decimal 230)
   defining Unicode char U+00E7 (decimal 231)
   defining Unicode char U+00E8 (decimal 232)
   defining Unicode char U+00E9 (decimal 233)
   defining Unicode char U+00EA (decimal 234)
   defining Unicode char U+00EB (decimal 235)
   defining Unicode char U+00EC (decimal 236)
   defining Unicode char U+00ED (decimal 237)
   defining Unicode char U+00EE (decimal 238)
   defining Unicode char U+00EF (decimal 239)
   defining Unicode char U+00F0 (decimal 240)
   defining Unicode char U+00F1 (decimal 241)
   defining Unicode char U+00F2 (decimal 242)
   defining Unicode char U+00F3 (decimal 243)
   defining Unicode char U+00F4 (decimal 244)
   defining Unicode char U+00F5 (decimal 245)
   defining Unicode char U+00F6 (decimal 246)
   defining Unicode char U+00F8 (decimal 248)
   defining Unicode char U+00F9 (decimal 249)
   defining Unicode char U+00FA (decimal 250)
   defining Unicode char U+00FB (decimal 251)
   defining Unicode char U+00FC (decimal 252)
   defining Unicode char U+00FD (decimal 253)
   defining Unicode char U+00FE (decimal 254)
   defining Unicode char U+00FF (decimal 255)
   defining Unicode char U+0102 (decimal 258)
   defining Unicode char U+0103 (decimal 259)
   defining Unicode char U+0104 (decimal 260)
   defining Unicode char U+0105 (decimal 261)
   defining Unicode char U+0106 (decimal 262)
   defining Unicode char U+0107 (decimal 263)
   defining Unicode char U+010C (decimal 268)
   defining Unicode char U+010D (decimal 269)
   defining Unicode char U+010E (decimal 270)
   defining Unicode char U+010F (decimal 271)
   defining Unicode char U+0110 (decimal 272)
   defining Unicode char U+0111 (decimal 273)
   defining Unicode char U+0118 (decimal 280)
   defining Unicode char U+0119 (decimal 281)
   defining Unicode char U+011A (decimal 282)
   defining Unicode char U+011B (decimal 283)
   defining Unicode char U+011E (decimal 286)
   defining Unicode char U+011F (decimal 287)
   defining Unicode char U+0130 (decimal 304)
   defining Unicode char U+0131 (decimal 305)
   defining Unicode char U+0132 (decimal 306)
   defining Unicode char U+0133 (decimal 307)
   defining Unicode char U+0139 (decimal 313)
   defining Unicode char U+013A (decimal 314)
   defining Unicode char U+013D (decimal 317)
   defining Unicode char U+013E (decimal 318)
   defining Unicode char U+0141 (decimal 321)
   defining Unicode char U+0142 (decimal 322)
   defining Unicode char U+0143 (decimal 323)
   defining Unicode char U+0144 (decimal 324)
   defining Unicode char U+0147 (decimal 327)
   defining Unicode char U+0148 (decimal 328)
   defining Unicode char U+014A (decimal 330)
   defining Unicode char U+014B (decimal 331)
   defining Unicode char U+0150 (decimal 336)
   defining Unicode char U+0151 (decimal 337)
   defining Unicode char U+0152 (decimal 338)
   defining Unicode char U+0153 (decimal 339)
   defining Unicode char U+0154 (decimal 340)
   defining Unicode char U+0155 (decimal 341)
   defining Unicode char U+0158 (decimal 344)
   defining Unicode char U+0159 (decimal 345)
   defining Unicode char U+015A (decimal 346)
   defining Unicode char U+015B (decimal 347)
   defining Unicode char U+015E (decimal 350)
   defining Unicode char U+015F (decimal 351)
   defining Unicode char U+0160 (decimal 352)
   defining Unicode char U+0161 (decimal 353)
   defining Unicode char U+0162 (decimal 354)
   defining Unicode char U+0163 (decimal 355)
   defining Unicode char U+0164 (decimal 356)
   defining Unicode char U+0165 (decimal 357)
   defining Unicode char U+016E (decimal 366)
   defining Unicode char U+016F (decimal 367)
   defining Unicode char U+0170 (decimal 368)
   defining Unicode char U+0171 (decimal 369)
   defining Unicode char U+0178 (decimal 376)
   defining Unicode char U+0179 (decimal 377)
   defining Unicode char U+017A (decimal 378)
   defining Unicode char U+017B (decimal 379)
   defining Unicode char U+017C (decimal 380)
   defining Unicode char U+017D (decimal 381)
   defining Unicode char U+017E (decimal 382)
   defining Unicode char U+200C (decimal 8204)
   defining Unicode char U+2013 (decimal 8211)
   defining Unicode char U+2014 (decimal 8212)
   defining Unicode char U+2018 (decimal 8216)
   defining Unicode char U+2019 (decimal 8217)
   defining Unicode char U+201A (decimal 8218)
   defining Unicode char U+201C (decimal 8220)
   defining Unicode char U+201D (decimal 8221)
   defining Unicode char U+201E (decimal 8222)
   defining Unicode char U+2030 (decimal 8240)
   defining Unicode char U+2031 (decimal 8241)
   defining Unicode char U+2039 (decimal 8249)
   defining Unicode char U+203A (decimal 8250)
   defining Unicode char U+2423 (decimal 9251)
)
Now handling font encoding OT1 ...
... processing UTF-8 mapping file for font encodingOT1

("C:\Program Files\MiKTeX 2.6\tex\latex\base\ot1enc.dfu"
File: ot1enc.dfu 2006/03/30 v1.1i UTF-8 support for inputenc
   defining Unicode char U+00A1 (decimal 161)
   defining Unicode char U+00A3 (decimal 163)
   defining Unicode char U+00B8 (decimal 184)
   defining Unicode char U+00BF (decimal 191)
   defining Unicode char U+00C5 (decimal 197)
   defining Unicode char U+00C6 (decimal 198)
   defining Unicode char U+00D8 (decimal 216)
   defining Unicode char U+00DF (decimal 223)
   defining Unicode char U+00E6 (decimal 230)
   defining Unicode char U+00EC (decimal 236)
   defining Unicode char U+00ED (decimal 237)
   defining Unicode char U+00EE (decimal 238)
   defining Unicode char U+00EF (decimal 239)
   defining Unicode char U+00F8 (decimal 248)
   defining Unicode char U+0131 (decimal 305)
   defining Unicode char U+0141 (decimal 321)
   defining Unicode char U+0142 (decimal 322)
   defining Unicode char U+0152 (decimal 338)
   defining Unicode char U+0153 (decimal 339)
   defining Unicode char U+2013 (decimal 8211)
   defining Unicode char U+2014 (decimal 8212)
   defining Unicode char U+2018 (decimal 8216)
   defining Unicode char U+2019 (decimal 8217)
   defining Unicode char U+201C (decimal 8220)
   defining Unicode char U+201D (decimal 8221)
)
Now handling font encoding OMS ...
... processing UTF-8 mapping file for font encodingOMS

("C:\Program Files\MiKTeX 2.6\tex\latex\base\omsenc.dfu"
File: omsenc.dfu 2006/03/30 v1.1i UTF-8 support for inputenc
   defining Unicode char U+00A7 (decimal 167)
   defining Unicode char U+00B6 (decimal 182)
   defining Unicode char U+00B7 (decimal 183)
   defining Unicode char U+2020 (decimal 8224)
   defining Unicode char U+2021 (decimal 8225)
   defining Unicode char U+2022 (decimal 8226)
)
Now handling font encoding OMX ...
... no UTF-8 mapping file for font encoding OMX
Now handling font encoding U ...
... no UTF-8 mapping file for font encoding U
   defining Unicode char U+00A9 (decimal 169)
   defining Unicode char U+00AA (decimal 170)
   defining Unicode char U+00AE (decimal 174)
   defining Unicode char U+00BA (decimal 186)
   defining Unicode char U+02C6 (decimal 710)
   defining Unicode char U+02DC (decimal 732)
   defining Unicode char U+200C (decimal 8204)
   defining Unicode char U+2026 (decimal 8230)
   defining Unicode char U+2122 (decimal 8482)
   defining Unicode char U+2423 (decimal 9251)
))
("C:\Program Files\MiKTeX 2.6\tex\latex\base\fontenc.sty"
Package: fontenc 2005/09/27 v1.99g Standard LaTeX package

("C:\Program Files\MiKTeX 2.6\tex\latex\base\t1enc.def"
File: t1enc.def 2005/09/27 v1.99g Standard LaTeX file
LaTeX Font Info:    Redeclaring font encoding T1 on input line 43.
))
("C:\Program Files\MiKTeX 2.6\tex\latex\tools\indentfirst.sty"
Package: indentfirst 1995/11/23 v1.03 Indent first paragraph (DPC)
)
("C:\Program Files\MiKTeX 2.6\tex\latex\graphics\graphicx.sty"
Package: graphicx 1999/02/16 v1.0f Enhanced LaTeX Graphics (DPC,SPQR)

("C:\Program Files\MiKTeX 2.6\tex\latex\graphics\keyval.sty"
Package: keyval 1999/03/16 v1.13 key=value parser (DPC)
\KV@toks@=\toks17
)
("C:\Program Files\MiKTeX 2.6\tex\latex\graphics\graphics.sty"
Package: graphics 2006/02/20 v1.0o Standard LaTeX Graphics (DPC,SPQR)

("C:\Program Files\MiKTeX 2.6\tex\latex\graphics\trig.sty"
Package: trig 1999/03/16 v1.09 sin cos tan (DPC)
)
("C:\Program Files\MiKTeX 2.6\tex\latex\00miktex\graphics.cfg"
File: graphics.cfg 2007/01/18 v1.5 graphics configuration of teTeX/TeXLive
)
Package graphics Info: Driver file: pdftex.def on input line 90.

("C:\Program Files\MiKTeX 2.6\tex\latex\graphics\pdftex.def"
File: pdftex.def 2007/06/12 v0.04h Graphics/color for pdfTeX
\Gread@gobject=\count93
))
\Gin@req@height=\dimen106
\Gin@req@width=\dimen107
)
("C:\Program Files\MiKTeX 2.6\tex\latex\float\float.sty"
Package: float 2001/11/08 v1.3d Float enhancements (AL)
\c@float@type=\count94
\float@exts=\toks18
\float@box=\box26
\@float@everytoks=\toks19
\@floatcapt=\box27
)
("C:\Program Files\MiKTeX 2.6\tex\latex\geometry\geometry.sty"
Package: geometry 2002/07/08 v3.2 Page Geometry
\Gm@cnth=\count95
\Gm@cntv=\count96
\c@Gm@tempcnt=\count97
\Gm@bindingoffset=\dimen108
\Gm@wd@mp=\dimen109
\Gm@odd@mp=\dimen110
\Gm@even@mp=\dimen111
\Gm@dimlist=\toks20

("C:\Program Files\MiKTeX 2.6\tex\latex\geometry\geometry.cfg"))
("C:\Program Files\MiKTeX 2.6\tex\latex\setspace\setspace.sty"
Package: setspace 2000/12/01 6.7 Contributed and Supported LaTeX2e package

Package: `setspace' 6.7 <2000/12/01>
) (proposta2.aux (folharosto.aux) (introducao.aux) (referecialTeorico.aux)
(metodologia.aux) (resultados.aux))
LaTeX Font Info:    Checking defaults for OML/cmm/m/it on input line 26.
LaTeX Font Info:    ... okay on input line 26.
LaTeX Font Info:    Checking defaults for T1/cmr/m/n on input line 26.
LaTeX Font Info:    ... okay on input line 26.
LaTeX Font Info:    Checking defaults for OT1/cmr/m/n on input line 26.
LaTeX Font Info:    ... okay on input line 26.
LaTeX Font Info:    Checking defaults for OMS/cmsy/m/n on input line 26.
LaTeX Font Info:    ... okay on input line 26.
LaTeX Font Info:    Checking defaults for OMX/cmex/m/n on input line 26.
LaTeX Font Info:    ... okay on input line 26.
LaTeX Font Info:    Checking defaults for U/cmr/m/n on input line 26.
LaTeX Font Info:    ... okay on input line 26.

("C:\Program Files\MiKTeX 2.6\tex\context\base\supp-pdf.tex"
[Loading MPS to PDF converter (version 2006.09.02).]
\scratchcounter=\count98
\scratchdimen=\dimen112
\scratchbox=\box28
\nofMPsegments=\count99
\nofMParguments=\count100
\MPscratchCnt=\count101
\MPscratchDim=\dimen113
\MPnumerator=\count102
\everyMPtoPDFconversion=\toks21
)
-------------------- Geometry parameters
paper: a4paper
landscape: --
twocolumn: --
twoside: --
asymmetric: --
h-parts: 85.35826pt, 455.24411pt, 56.9055pt
v-parts: 85.35826pt, 702.78308pt, 56.9055pt
hmarginratio: --
vmarginratio: --
lines: --
heightrounded: --
bindingoffset: 0.0pt
truedimen: --
includehead: --
includefoot: --
includemp: --
driver: pdftex
-------------------- Page layout dimensions and switches
\paperwidth  597.50787pt
\paperheight 845.04684pt
\textwidth  455.24411pt
\textheight 702.78308pt
\oddsidemargin  13.08827pt
\evensidemargin 13.08827pt
\topmargin  -23.91173pt
\headheight 12.0pt
\headsep    25.0pt
\footskip   30.0pt
\marginparwidth 35.0pt
\marginparsep   10.0pt
\columnsep  10.0pt
\skip\footins  10.8pt plus 4.0pt minus 2.0pt
\hoffset 0.0pt
\voffset 0.0pt
\mag 1000

(1in=72.27pt, 1cm=28.45pt)
-----------------------
 (folharosto.tex
LaTeX Font Info:    External font `cmex10' loaded for size
(Font)              <12> on input line 44.
LaTeX Font Info:    External font `cmex10' loaded for size
(Font)              <8> on input line 44.
LaTeX Font Info:    External font `cmex10' loaded for size
(Font)              <6> on input line 44.
 [1


{psfonts.map}]) (introducao.tex) [2


] (referecialTeorico.tex) [3


] (metodologia.tex) [4


] (resultados.tex) [5


] (proposta2.bbl) [6

]
(proposta2.aux (folharosto.aux) (introducao.aux) (referecialTeorico.aux)
(metodologia.aux) (resultados.aux)) ) 
Here is how much of TeX's memory you used:
 2793 strings out of 95295
 32211 string characters out of 1184858
 85785 words of memory out of 1087949
 5705 multiletter control sequences out of 60000
 12493 words of font info for 31 fonts, out of 1000000 for 2000
 14 hyphenation exceptions out of 8191
 27i,5n,28p,597b,262s stack positions out of 5000i,500n,10000p,200000b,32768s
 <C:\Documents and Settings\All Users\Appl
ication Data\MiKTeX\2.6\fonts\pk\ljfour\jknappen\ec\dpi600\ecti1200.pk> <C:\Doc
uments and Settings\All Users\Application Data\MiKTeX\2.6\fonts\pk\ljfour\jknap
pen\ec\dpi600\ecbx1728.pk> <C:\Documents and Settings\All Users\Application Dat
a\MiKTeX\2.6\fonts\pk\ljfour\jknappen\ec\dpi600\ecrm0800.pk> <C:\Documents and 
Settings\All Users\Application Data\MiKTeX\2.6\fonts\pk\ljfour\jknappen\ec\dpi6
00\ecrm1000.pk> <C:\Documents and Settings\All Users\Application Data\MiKTeX\2.
6\fonts\pk\ljfour\jknappen\ec\dpi600\ecbx1200.pk> <C:\Documents and Settings\Al
l Users\Application Data\MiKTeX\2.6\fonts\pk\ljfour\jknappen\ec\dpi600\ecrm1200
.pk>
Output written on proposta2.pdf (6 pages, 85340 bytes).
PDF statistics:
 260 PDF objects out of 300000 (max. 8388607)
 0 named destinations out of 300000 (max. 131072)
 1 words of extra memory for PDF output out of 65536 (max. 10000000)

