This is pdfTeX, Version 3.141592-1.40.4 (MiKTeX 2.6) (preloaded format=pdflatex 2008.10.3)  24 NOV 2008 03:25
entering extended mode
**proposta.tex
(proposta.tex
LaTeX2e <2005/12/01>
Babel <v3.8g> and hyphenation patterns for portuguese, english, dumylang, nohyp
henation, german, ngerman, french, loaded.
("C:\Program Files\MiKTeX 2.6\tex\latex\base\article.cls"
Document Class: article 2005/09/16 v1.4f Standard LaTeX document class
("C:\Program Files\MiKTeX 2.6\tex\latex\base\size12.clo"
File: size12.clo 2005/09/16 v1.4f Standard LaTeX file (size option)
)
\c@part=\count79
\c@section=\count80
\c@subsection=\count81
\c@subsubsection=\count82
\c@paragraph=\count83
\c@subparagraph=\count84
\c@figure=\count85
\c@table=\count86
\abovecaptionskip=\skip41
\belowcaptionskip=\skip42
\bibindent=\dimen102
)
("C:\Program Files\MiKTeX 2.6\tex\latex\abntex\abntcite.sty"
("C:\Program Files\MiKTeX 2.6\tex\latex\abntex\cvs-id.def")
Package: abntcite 2003/10/13 v1.26 Chamadas de referencias no texto (NBR10520)

("C:\Program Files\MiKTeX 2.6\tex\latex\base\ifthen.sty"
Package: ifthen 2001/05/26 v1.1c Standard LaTeX ifthen package (DPC)
)
("C:\Program Files\MiKTeX 2.6\tex\latex\tools\calc.sty"
Package: calc 2005/08/06 v4.2 Infix arithmetic (KKT,FJ)
\calc@Acount=\count87
\calc@Bcount=\count88
\calc@Adimen=\dimen103
\calc@Bdimen=\dimen104
\calc@Askip=\skip43
\calc@Bskip=\skip44
LaTeX Info: Redefining \setlength on input line 75.
LaTeX Info: Redefining \addtolength on input line 76.
\calc@Ccount=\count89
\calc@Cskip=\skip45
)
("C:\Program Files\MiKTeX 2.6\tex\latex\abntex\abntex-abrev.sty"
("C:\Program Files\MiKTeX 2.6\tex\latex\abntex\cvs-id.def")
Package: abntex-abrev 2003/10/13 v1.3 Abreviacoes

("C:\Program Files\MiKTeX 2.6\tex\latex\abntex\nbr10522-1988.def"
("C:\Program Files\MiKTeX 2.6\tex\latex\abntex\cvs-id.def")
File: nbr10522-1988.def 2003/10/13 v1.2 Abreviacoes bibliograficas (NBR10522:19
88)
)
("C:\Program Files\MiKTeX 2.6\tex\latex\abntex\abntex-abrev-pt_BR.def"
("C:\Program Files\MiKTeX 2.6\tex\latex\abntex\cvs-id.def")
File: abntex-abrev-pt_BR.def 2003/10/13 v1.2 definicao de abntex-abrev, traduca
o de termos en_US/pt_BR
))
("C:\Program Files\MiKTeX 2.6\tex\latex\abntex\nbr10520-2002.def"
("C:\Program Files\MiKTeX 2.6\tex\latex\abntex\cvs-id.def")
File: nbr10520-2002.def 2003/10/13 v1.2 Definicoes para abntcite (NBR10520:2002
)
)
\minimumbiblabelwidth=\skip46
\ABCIauxlen=\skip47
\c@ABCIaux=\count90
\c@ABCImax=\count91

("C:\Program Files\MiKTeX 2.6\tex\latex\ltxmisc\relsize.sty"
Package: relsize 2003/07/04 ver 3.1
)
\biblabelsep=\skip48
LaTeX Info: Redefining \newblock on input line 562.
LaTeX Info: Redefining \cite on input line 831.
\ABCItoken=\toks14
)
("C:\Program Files\MiKTeX 2.6\tex\generic\babel\babel.sty"
Package: babel 2005/05/21 v3.8g The Babel package

*************************************
* Local config file bblopts.cfg used
*
("C:\Program Files\MiKTeX 2.6\tex\latex\00miktex\bblopts.cfg"
File: bblopts.cfg 2006/07/31 v1.0 MiKTeX 'babel' configuration
)
("C:\Program Files\MiKTeX 2.6\tex\generic\babel\portuges.ldf"
Language: portuges 2005/03/31 v1.2p Portuguese support from the babel system

("C:\Program Files\MiKTeX 2.6\tex\generic\babel\babel.def"
File: babel.def 2005/05/21 v3.8g Babel common definitions
\babel@savecnt=\count92
\U@D=\dimen105
)
\l@brazil = a dialect from \language\l@portuges 
Package babel Info: Making " an active character on input line 145.
))
("C:\Program Files\MiKTeX 2.6\tex\latex\base\inputenc.sty"
Package: inputenc 2006/05/05 v1.1b Input encoding file
\inpenc@prehook=\toks15
\inpenc@posthook=\toks16

("C:\Program Files\MiKTeX 2.6\tex\latex\base\latin1.def"
File: latin1.def 2006/05/05 v1.1b Input encoding file
))
("C:\Program Files\MiKTeX 2.6\tex\latex\base\fontenc.sty"
Package: fontenc 2005/09/27 v1.99g Standard LaTeX package

("C:\Program Files\MiKTeX 2.6\tex\latex\base\t1enc.def"
File: t1enc.def 2005/09/27 v1.99g Standard LaTeX file
LaTeX Font Info:    Redeclaring font encoding T1 on input line 43.
))
("C:\Program Files\MiKTeX 2.6\tex\latex\tools\indentfirst.sty"
Package: indentfirst 1995/11/23 v1.03 Indent first paragraph (DPC)
)
("C:\Program Files\MiKTeX 2.6\tex\latex\graphics\graphicx.sty"
Package: graphicx 1999/02/16 v1.0f Enhanced LaTeX Graphics (DPC,SPQR)

("C:\Program Files\MiKTeX 2.6\tex\latex\graphics\keyval.sty"
Package: keyval 1999/03/16 v1.13 key=value parser (DPC)
\KV@toks@=\toks17
)
("C:\Program Files\MiKTeX 2.6\tex\latex\graphics\graphics.sty"
Package: graphics 2006/02/20 v1.0o Standard LaTeX Graphics (DPC,SPQR)

("C:\Program Files\MiKTeX 2.6\tex\latex\graphics\trig.sty"
Package: trig 1999/03/16 v1.09 sin cos tan (DPC)
)
("C:\Program Files\MiKTeX 2.6\tex\latex\00miktex\graphics.cfg"
File: graphics.cfg 2007/01/18 v1.5 graphics configuration of teTeX/TeXLive
)
Package graphics Info: Driver file: pdftex.def on input line 90.

("C:\Program Files\MiKTeX 2.6\tex\latex\graphics\pdftex.def"
File: pdftex.def 2007/06/12 v0.04h Graphics/color for pdfTeX
\Gread@gobject=\count93
))
\Gin@req@height=\dimen106
\Gin@req@width=\dimen107
)
("C:\Program Files\MiKTeX 2.6\tex\latex\float\float.sty"
Package: float 2001/11/08 v1.3d Float enhancements (AL)
\c@float@type=\count94
\float@exts=\toks18
\float@box=\box26
\@float@everytoks=\toks19
\@floatcapt=\box27
)
("C:\Program Files\MiKTeX 2.6\tex\latex\geometry\geometry.sty"
Package: geometry 2002/07/08 v3.2 Page Geometry
\Gm@cnth=\count95
\Gm@cntv=\count96
\c@Gm@tempcnt=\count97
\Gm@bindingoffset=\dimen108
\Gm@wd@mp=\dimen109
\Gm@odd@mp=\dimen110
\Gm@even@mp=\dimen111
\Gm@dimlist=\toks20

("C:\Program Files\MiKTeX 2.6\tex\latex\geometry\geometry.cfg"))
("C:\Program Files\MiKTeX 2.6\tex\latex\setspace\setspace.sty"
Package: setspace 2000/12/01 6.7 Contributed and Supported LaTeX2e package

Package: `setspace' 6.7 <2000/12/01>
) ("C:\Program Files\MiKTeX 2.6\tex\latex\ltxmisc\url.sty"
\Urlmuskip=\muskip10
Package: url 2005/06/27  ver 3.2  Verb mode for urls, etc.
) (proposta.aux
(folharosto.aux) (introducao.aux))
LaTeX Font Info:    Checking defaults for OML/cmm/m/it on input line 27.
LaTeX Font Info:    ... okay on input line 27.
LaTeX Font Info:    Checking defaults for T1/cmr/m/n on input line 27.
LaTeX Font Info:    ... okay on input line 27.
LaTeX Font Info:    Checking defaults for OT1/cmr/m/n on input line 27.
LaTeX Font Info:    ... okay on input line 27.
LaTeX Font Info:    Checking defaults for OMS/cmsy/m/n on input line 27.
LaTeX Font Info:    ... okay on input line 27.
LaTeX Font Info:    Checking defaults for OMX/cmex/m/n on input line 27.
LaTeX Font Info:    ... okay on input line 27.
LaTeX Font Info:    Checking defaults for U/cmr/m/n on input line 27.
LaTeX Font Info:    ... okay on input line 27.

("C:\Program Files\MiKTeX 2.6\tex\context\base\supp-pdf.tex"
[Loading MPS to PDF converter (version 2006.09.02).]
\scratchcounter=\count98
\scratchdimen=\dimen112
\scratchbox=\box28
\nofMPsegments=\count99
\nofMParguments=\count100
\MPscratchCnt=\count101
\MPscratchDim=\dimen113
\MPnumerator=\count102
\everyMPtoPDFconversion=\toks21
)
-------------------- Geometry parameters
paper: a4paper
landscape: --
twocolumn: --
twoside: --
asymmetric: --
h-parts: 85.35826pt, 455.24411pt, 56.9055pt
v-parts: 85.35826pt, 702.78308pt, 56.9055pt
hmarginratio: --
vmarginratio: --
lines: --
heightrounded: --
bindingoffset: 0.0pt
truedimen: --
includehead: --
includefoot: --
includemp: --
driver: pdftex
-------------------- Page layout dimensions and switches
\paperwidth  597.50787pt
\paperheight 845.04684pt
\textwidth  455.24411pt
\textheight 702.78308pt
\oddsidemargin  13.08827pt
\evensidemargin 13.08827pt
\topmargin  -23.91173pt
\headheight 12.0pt
\headsep    25.0pt
\footskip   30.0pt
\marginparwidth 35.0pt
\marginparsep   10.0pt
\columnsep  10.0pt
\skip\footins  10.8pt plus 4.0pt minus 2.0pt
\hoffset 0.0pt
\voffset 0.0pt
\mag 1000

(1in=72.27pt, 1cm=28.45pt)
-----------------------
 (folharosto.tex
LaTeX Font Info:    External font `cmex10' loaded for size
(Font)              <12> on input line 44.
LaTeX Font Info:    External font `cmex10' loaded for size
(Font)              <8> on input line 44.
LaTeX Font Info:    External font `cmex10' loaded for size
(Font)              <6> on input line 44.
 [1


{psfonts.map}]) (introducao.tex [2


] [3]
LaTeX Font Info:    Try loading font information for OMS+cmr on input line 35.

("C:\Program Files\MiKTeX 2.6\tex\latex\base\omscmr.fd"
File: omscmr.fd 1999/05/25 v2.5h Standard LaTeX font definitions
)
LaTeX Font Info:    Font shape `OMS/cmr/m/n' in size <12> not available
(Font)              Font shape `OMS/cmsy/m/n' tried instead on input line 35.

<figuras/cronograma.png, id=18, 645.41125pt x 156.585pt>
File: figuras/cronograma.png Graphic file (type png)

<use figuras/cronograma.png> [4 <figuras/cronograma.png (PNG copy)>]) [5]
(proposta.bbl
LaTeX Font Info:    Try loading font information for T1+cmtt on input line 5.
 ("C:\Program Files\MiKTeX 2.6\tex\latex\base\t1cmtt.fd"
File: t1cmtt.fd 1999/05/25 v2.5h Standard LaTeX font definitions
) [6

])
[7] (proposta.aux (folharosto.aux) (introducao.aux)) ) 
Here is how much of TeX's memory you used:
 2654 strings out of 95274
 31702 string characters out of 1184551
 84754 words of memory out of 1086380
 5640 multiletter control sequences out of 60000
 14349 words of font info for 34 fonts, out of 1000000 for 2000
 17 hyphenation exceptions out of 8191
 27i,5n,28p,639b,306s stack positions out of 5000i,500n,10000p,200000b,32768s
 <C:\Documents and Settin
gs\All Users\Application Data\MiKTeX\2.6\fonts\pk\ljfour\jknappen\ec\dpi600\ect
t1200.pk> <C:\Documents and Settings\All Users\Application Data\MiKTeX\2.6\font
s\pk\ljfour\jknappen\ec\dpi600\ecbx1440.pk> <C:\Documents and Settings\All User
s\Application Data\MiKTeX\2.6\fonts\pk\ljfour\jknappen\ec\dpi600\ecti1200.pk> <
C:\Documents and Settings\All Users\Application Data\MiKTeX\2.6\fonts\pk\ljfour
\jknappen\ec\dpi600\ecbx1728.pk> <C:\Documents and Settings\All Users\Applicati
on Data\MiKTeX\2.6\fonts\pk\ljfour\jknappen\ec\dpi600\ecrm0800.pk> <C:\Document
s and Settings\All Users\Application Data\MiKTeX\2.6\fonts\pk\ljfour\jknappen\e
c\dpi600\ecrm1000.pk> <C:\Documents and Settings\All Users\Application Data\MiK
TeX\2.6\fonts\pk\ljfour\jknappen\ec\dpi600\ecbx1200.pk> <C:\Documents and Setti
ngs\All Users\Application Data\MiKTeX\2.6\fonts\pk\ljfour\jknappen\ec\dpi600\ec
rm1200.pk><C:/Program Files/MiKTeX 2.6/fonts/type1/bluesky/cm/cmsy10.pfb>
Output written on proposta.pdf (7 pages, 126278 bytes).
PDF statistics:
 357 PDF objects out of 300000 (max. 8388607)
 0 named destinations out of 300000 (max. 131072)
 6 words of extra memory for PDF output out of 65536 (max. 10000000)

