This is pdfTeX, Version 3.1415926-1.40.9 (MiKTeX 2.7) (preloaded format=pdflatex 2009.3.27)  27 MAR 2009 21:36
entering extended mode
**proposta.tex
(proposta.tex
LaTeX2e <2005/12/01>
Babel <v3.8l> and hyphenation patterns for english, dumylang, nohyphenation, ge
rman, ngerman, german-x-2008-06-18, ngerman-x-2008-06-18, french, loaded.
("C:\Program Files\MiKTeX 2.7\tex\latex\base\article.cls"
Document Class: article 2005/09/16 v1.4f Standard LaTeX document class
("C:\Program Files\MiKTeX 2.7\tex\latex\base\size12.clo"
File: size12.clo 2005/09/16 v1.4f Standard LaTeX file (size option)
)
\c@part=\count79
\c@section=\count80
\c@subsection=\count81
\c@subsubsection=\count82
\c@paragraph=\count83
\c@subparagraph=\count84
\c@figure=\count85
\c@table=\count86
\abovecaptionskip=\skip41
\belowcaptionskip=\skip42
\bibindent=\dimen102
)
("C:\Program Files\MiKTeX 2.7\tex\latex\abntex\abntcite.sty"
("C:\Program Files\MiKTeX 2.7\tex\latex\abntex\cvs-id.def")
Package: abntcite 2006/04/25 v1.30 Chamadas de referencias no texto (NBR10520, 
NBR10522)

("C:\Program Files\MiKTeX 2.7\tex\latex\base\ifthen.sty"
Package: ifthen 2001/05/26 v1.1c Standard LaTeX ifthen package (DPC)
)
("C:\Program Files\MiKTeX 2.7\tex\latex\tools\calc.sty"
Package: calc 2005/08/06 v4.2 Infix arithmetic (KKT,FJ)
\calc@Acount=\count87
\calc@Bcount=\count88
\calc@Adimen=\dimen103
\calc@Bdimen=\dimen104
\calc@Askip=\skip43
\calc@Bskip=\skip44
LaTeX Info: Redefining \setlength on input line 75.
LaTeX Info: Redefining \addtolength on input line 76.
\calc@Ccount=\count89
\calc@Cskip=\skip45
)
("C:\Program Files\MiKTeX 2.7\tex\latex\abntex\abntex-abrev.sty"
("C:\Program Files\MiKTeX 2.7\tex\latex\abntex\cvs-id.def")
Package: abntex-abrev 2005/11/14 v1.4 Abreviacoes

("C:\Program Files\MiKTeX 2.7\tex\latex\abntex\nbr10522-1988.def"
("C:\Program Files\MiKTeX 2.7\tex\latex\abntex\cvs-id.def")
File: nbr10522-1988.def 2003/10/13 v1.2 Abreviacoes bibliograficas (NBR10522:19
88)
)
("C:\Program Files\MiKTeX 2.7\tex\latex\abntex\abntex-abrev-pt_BR.def"
("C:\Program Files\MiKTeX 2.7\tex\latex\abntex\cvs-id.def")
File: abntex-abrev-pt_BR.def 2005/11/14 v1.3 definicao de abntex-abrev, traduca
o de termos en_US/pt_BR
))
("C:\Program Files\MiKTeX 2.7\tex\latex\abntex\abntex-text.sty"
("C:\Program Files\MiKTeX 2.7\tex\latex\abntex\cvs-id.def")
Package: abntex-text 2005/11/14 v1.1 abnTeX text replacements

("C:\Program Files\MiKTeX 2.7\tex\latex\abntex\abntex-text-pt_BR.def"
("C:\Program Files\MiKTeX 2.7\tex\latex\abntex\cvs-id.def")
File: abntex-text-pt_BR.def 2005/12/21 v1.2 Definicao de nomes em Portugues/Bra
sil (pt_BR)
))
("C:\Program Files\MiKTeX 2.7\tex\latex\abntex\abntex-default-design.sty"
("C:\Program Files\MiKTeX 2.7\tex\latex\abntex\cvs-id.def")
Package: abntex-default-design 2005/06/22 v1.2 Definicoes de design padrao do a
bntex

("C:\Program Files\MiKTeX 2.7\tex\latex\ltxmisc\relsize.sty"
Package: relsize 2003/07/04 ver 3.1
)
\ABNTanapindent=\skip46
\ABNTsignwidth=\skip47
\ABNTsignthickness=\skip48
\ABNTsignskip=\skip49
)
\minimumbiblabelwidth=\skip50
\ABCIauxlen=\skip51
\c@ABCIaux=\count90
\c@ABCImax=\count91

("C:\Program Files\MiKTeX 2.7\tex\latex\abntex\nbr10520-2002.def"
("C:\Program Files\MiKTeX 2.7\tex\latex\abntex\cvs-id.def")
File: nbr10520-2002.def 2006/04/25 v1.4 Definicoes para abntcite (NBR10520:2002
)
)
\biblabelsep=\skip52
LaTeX Info: Redefining \newblock on input line 466.
LaTeX Info: Redefining \cite on input line 735.
\ABCItoken=\toks14
)
("C:\Program Files\MiKTeX 2.7\tex\generic\babel\babel.sty"
Package: babel 2008/07/06 v3.8l The Babel package

*************************************
* Local config file bblopts.cfg used
*
("C:\Program Files\MiKTeX 2.7\tex\latex\00miktex\bblopts.cfg"
File: bblopts.cfg 2006/07/31 v1.0 MiKTeX 'babel' configuration
)
("C:\Program Files\MiKTeX 2.7\tex\generic\babel\portuges.ldf"
Language: portuges 2008/03/18 v1.2q Portuguese support from the babel system

("C:\Program Files\MiKTeX 2.7\tex\generic\babel\babel.def"
File: babel.def 2008/07/06 v3.8l Babel common definitions
\babel@savecnt=\count92
\U@D=\dimen105
)

Package babel Warning: No hyphenation patterns were loaded for
(babel)                the language `Portuguese'
(babel)                I will use the patterns loaded for \language=0 instead.

\l@portuges = a dialect from \language0
\l@brazil = a dialect from \language\l@portuges 
Package babel Info: Making " an active character on input line 145.
)) ("C:\Program Files\MiKTeX 2.7\tex\latex\base\inputenc.sty"
Package: inputenc 2006/05/05 v1.1b Input encoding file
\inpenc@prehook=\toks15
\inpenc@posthook=\toks16

("C:\Program Files\MiKTeX 2.7\tex\latex\base\latin1.def"
File: latin1.def 2006/05/05 v1.1b Input encoding file
))
("C:\Program Files\MiKTeX 2.7\tex\latex\base\fontenc.sty"
Package: fontenc 2005/09/27 v1.99g Standard LaTeX package

("C:\Program Files\MiKTeX 2.7\tex\latex\base\t1enc.def"
File: t1enc.def 2005/09/27 v1.99g Standard LaTeX file
LaTeX Font Info:    Redeclaring font encoding T1 on input line 43.
))
("C:\Program Files\MiKTeX 2.7\tex\latex\tools\indentfirst.sty"
Package: indentfirst 1995/11/23 v1.03 Indent first paragraph (DPC)
)
("C:\Program Files\MiKTeX 2.7\tex\latex\graphics\graphicx.sty"
Package: graphicx 1999/02/16 v1.0f Enhanced LaTeX Graphics (DPC,SPQR)

("C:\Program Files\MiKTeX 2.7\tex\latex\graphics\keyval.sty"
Package: keyval 1999/03/16 v1.13 key=value parser (DPC)
\KV@toks@=\toks17
)
("C:\Program Files\MiKTeX 2.7\tex\latex\graphics\graphics.sty"
Package: graphics 2006/02/20 v1.0o Standard LaTeX Graphics (DPC,SPQR)

("C:\Program Files\MiKTeX 2.7\tex\latex\graphics\trig.sty"
Package: trig 1999/03/16 v1.09 sin cos tan (DPC)
)
("C:\Program Files\MiKTeX 2.7\tex\latex\00miktex\graphics.cfg"
File: graphics.cfg 2007/01/18 v1.5 graphics configuration of teTeX/TeXLive
)
Package graphics Info: Driver file: pdftex.def on input line 90.

("C:\Program Files\MiKTeX 2.7\tex\latex\pdftex-def\pdftex.def"
File: pdftex.def 2008/09/08 v0.04l Graphics/color for pdfTeX
\Gread@gobject=\count93
))
\Gin@req@height=\dimen106
\Gin@req@width=\dimen107
)
("C:\Program Files\MiKTeX 2.7\tex\latex\float\float.sty"
Package: float 2001/11/08 v1.3d Float enhancements (AL)
\c@float@type=\count94
\float@exts=\toks18
\float@box=\box26
\@float@everytoks=\toks19
\@floatcapt=\box27
)
("C:\Program Files\MiKTeX 2.7\tex\latex\geometry\geometry.sty"
Package: geometry 2008/12/21 v4.2 Page Geometry

("C:\Program Files\MiKTeX 2.7\tex\generic\oberdiek\ifpdf.sty"
Package: ifpdf 2007/12/12 v1.6 Provides the ifpdf switch (HO)
Package ifpdf Info: pdfTeX in pdf mode detected.
)
("C:\Program Files\MiKTeX 2.7\tex\generic\oberdiek\ifvtex.sty"
Package: ifvtex 2008/11/04 v1.4 Switches for detecting VTeX and its modes (HO)
Package ifvtex Info: VTeX not detected.
)
\Gm@cnth=\count95
\Gm@cntv=\count96
\c@Gm@tempcnt=\count97
\Gm@bindingoffset=\dimen108
\Gm@wd@mp=\dimen109
\Gm@odd@mp=\dimen110
\Gm@even@mp=\dimen111
\Gm@dimlist=\toks20

("C:\Program Files\MiKTeX 2.7\tex\latex\geometry\geometry.cfg"))
("C:\Program Files\MiKTeX 2.7\tex\latex\setspace\setspace.sty"
Package: setspace 2000/12/01 6.7 Contributed and Supported LaTeX2e package

Package: `setspace' 6.7 <2000/12/01>
) ("C:\Program Files\MiKTeX 2.7\tex\latex\ltxmisc\url.sty"
\Urlmuskip=\muskip10
Package: url 2006/04/12  ver 3.3  Verb mode for urls, etc.
) (proposta.aux
(folharosto.aux) (introducao.aux))
LaTeX Font Info:    Checking defaults for OML/cmm/m/it on input line 28.
LaTeX Font Info:    ... okay on input line 28.
LaTeX Font Info:    Checking defaults for T1/cmr/m/n on input line 28.
LaTeX Font Info:    ... okay on input line 28.
LaTeX Font Info:    Checking defaults for OT1/cmr/m/n on input line 28.
LaTeX Font Info:    ... okay on input line 28.
LaTeX Font Info:    Checking defaults for OMS/cmsy/m/n on input line 28.
LaTeX Font Info:    ... okay on input line 28.
LaTeX Font Info:    Checking defaults for OMX/cmex/m/n on input line 28.
LaTeX Font Info:    ... okay on input line 28.
LaTeX Font Info:    Checking defaults for U/cmr/m/n on input line 28.
LaTeX Font Info:    ... okay on input line 28.

("C:\Program Files\MiKTeX 2.7\tex\context\base\supp-pdf.tex"
[Loading MPS to PDF converter (version 2006.09.02).]
\scratchcounter=\count98
\scratchdimen=\dimen112
\scratchbox=\box28
\nofMPsegments=\count99
\nofMParguments=\count100
\everyMPshowfont=\toks21
\MPscratchCnt=\count101
\MPscratchDim=\dimen113
\MPnumerator=\count102
\everyMPtoPDFconversion=\toks22
)
*geometry auto-detecting driver*
*geometry detected driver: pdftex*
-------------------- Geometry parameters
paper: a4paper
landscape: --
twocolumn: --
twoside: --
asymmetric: --
h-parts: 85.35826pt, 455.24411pt, 56.9055pt
v-parts: 85.35826pt, 702.78308pt, 56.9055pt
hmarginratio: --
vmarginratio: --
lines: --
heightrounded: --
bindingoffset: 0.0pt
truedimen: --
includehead: --
includefoot: --
includemp: --
driver: pdftex
-------------------- Page layout dimensions and switches
\paperwidth  597.50787pt
\paperheight 845.04684pt
\textwidth  455.24411pt
\textheight 702.78308pt
\oddsidemargin  13.08827pt
\evensidemargin 13.08827pt
\topmargin  -23.91173pt
\headheight 12.0pt
\headsep    25.0pt
\footskip   30.0pt
\marginparwidth 35.0pt
\marginparsep   10.0pt
\columnsep  10.0pt
\skip\footins  10.8pt plus 4.0pt minus 2.0pt
\hoffset 0.0pt
\voffset 0.0pt
\mag 1000

(1in=72.27pt, 1cm=28.45pt)
-----------------------
(folharosto.tex
LaTeX Font Info:    External font `cmex10' loaded for size
(Font)              <12> on input line 44.
LaTeX Font Info:    External font `cmex10' loaded for size
(Font)              <8> on input line 44.
LaTeX Font Info:    External font `cmex10' loaded for size
(Font)              <6> on input line 44.
 [1


{C:/Documents and Settings/All Users/Application Data/MiKTeX/2.7/pdftex/config/
pdftex.map}]) (introducao.tex
<figuras/1.png, id=9, 602.25pt x 451.6875pt>
File: figuras/1.png Graphic file (type png)
 <use figuras/1.png>
<figuras/2.png, id=10, 602.25pt x 451.6875pt>
File: figuras/2.png Graphic file (type png)
 <use figuras/2.png> [2


 <figuras/1.png (PNG copy)>] [3 <figuras/2.png (PNG copy)>]
LaTeX Font Info:    Try loading font information for OMS+cmr on input line 47.

("C:\Program Files\MiKTeX 2.7\tex\latex\base\omscmr.fd"
File: omscmr.fd 1999/05/25 v2.5h Standard LaTeX font definitions
)
LaTeX Font Info:    Font shape `OMS/cmr/m/n' in size <12> not available
(Font)              Font shape `OMS/cmsy/m/n' tried instead on input line 47.
 [4]
<figuras/cronograma.png, id=24, 649.42625pt x 135.50626pt>
File: figuras/cronograma.png Graphic file (type png)

<use figuras/cronograma.png> [5 <figuras/cronograma.png (PNG copy)>]) [6]
(proposta.bbl
LaTeX Font Info:    Try loading font information for T1+cmtt on input line 33.
 ("C:\Program Files\MiKTeX 2.7\tex\latex\base\t1cmtt.fd"
File: t1cmtt.fd 1999/05/25 v2.5h Standard LaTeX font definitions
) [7

])
[8] (proposta.aux (folharosto.aux) (introducao.aux)) ) 
Here is how much of TeX's memory you used:
 2690 strings out of 95304
 34030 string characters out of 1183032
 89527 words of memory out of 1500000
 5809 multiletter control sequences out of 110000
 14349 words of font info for 34 fonts, out of 3000000 for 5000
 16 hyphenation exceptions out of 8191
 29i,5n,32p,639b,309s stack positions out of 5000i,500n,10000p,200000b,50000s
 <C:\Documents and Settin
gs\All Users\Application Data\MiKTeX\2.7\fonts\pk\ljfour\jknappen\ec\dpi600\ect
t1200.pk> <C:\Documents and Settings\All Users\Application Data\MiKTeX\2.7\font
s\pk\ljfour\jknappen\ec\dpi600\ecbx1440.pk> <C:\Documents and Settings\All User
s\Application Data\MiKTeX\2.7\fonts\pk\ljfour\jknappen\ec\dpi600\ecti1200.pk> <
C:\Documents and Settings\All Users\Application Data\MiKTeX\2.7\fonts\pk\ljfour
\jknappen\ec\dpi600\ecbx1728.pk> <C:\Documents and Settings\All Users\Applicati
on Data\MiKTeX\2.7\fonts\pk\ljfour\jknappen\ec\dpi600\ecrm0800.pk> <C:\Document
s and Settings\All Users\Application Data\MiKTeX\2.7\fonts\pk\ljfour\jknappen\e
c\dpi600\ecrm1000.pk> <C:\Documents and Settings\All Users\Application Data\MiK
TeX\2.7\fonts\pk\ljfour\jknappen\ec\dpi600\ecbx1200.pk> <C:\Documents and Setti
ngs\All Users\Application Data\MiKTeX\2.7\fonts\pk\ljfour\jknappen\ec\dpi600\ec
rm1200.pk><C:/Program Files/MiKTeX 2.7/fonts/type1/bluesky/cm/cmsy10.pfb>
Output written on proposta.pdf (8 pages, 616367 bytes).
PDF statistics:
 359 PDF objects out of 1000 (max. 8388607)
 0 named destinations out of 1000 (max. 131072)
 16 words of extra memory for PDF output out of 10000 (max. 10000000)

